<?xml version="1.0" encoding="UTF-8"?>
<!-- Generated by org.testng.reporters.JUnitReportReporter -->
<testsuite hostname="Rafia" failures="0" tests="1" name="automation_code_feb_15th_2023.ScreenShots" time="5.236" errors="0" timestamp="2023-02-15T22:26:07 EST" skipped="0">
  <testcase classname="automation_code_feb_15th_2023.ScreenShots" name="checkingScreenShot" time="5.236"/>
  <system-out/>
</testsuite> <!-- automation_code_feb_15th_2023.ScreenShots -->
