<?xml version="1.0" encoding="UTF-8"?>
<!-- Generated by org.testng.reporters.JUnitReportReporter -->
<testsuite hostname="Rafia" failures="0" tests="1" name="testng_hard_vs_soft_assert_feb_7th_2023.TutorialsNinja_Assert" time="10.099" errors="0" timestamp="2023-02-07T21:35:30 EST" skipped="0">
  <testcase classname="testng_hard_vs_soft_assert_feb_7th_2023.TutorialsNinja_Assert" name="loginTest" time="10.099"/>
  <system-out/>
</testsuite> <!-- testng_hard_vs_soft_assert_feb_7th_2023.TutorialsNinja_Assert -->
