<?xml version="1.0" encoding="UTF-8"?>
<!-- Generated by org.testng.reporters.JUnitReportReporter -->
<testsuite hostname="Rafia" failures="0" tests="1" name="testng_automation_code_jan_31st_2023.PowerOfTest" time="0.007" errors="0" timestamp="2023-01-31T21:55:40 EST" skipped="0">
  <testcase classname="testng_automation_code_jan_31st_2023.PowerOfTest" name="testCase2" time="0.007"/>
  <system-out/>
</testsuite> <!-- testng_automation_code_jan_31st_2023.PowerOfTest -->
