<?xml version="1.0" encoding="UTF-8"?>
<!-- Generated by org.testng.reporters.JUnitReportReporter -->
<testsuite hostname="Rafia" failures="0" tests="3" name="testng_automation_code_jan_31st_2023.Annotations" time="0.005" errors="0" timestamp="2023-01-31T21:47:52 EST" skipped="0">
  <testcase classname="testng_automation_code_jan_31st_2023.Annotations" name="testCase1" time="0.004"/>
  <system-out/>
  <testcase classname="testng_automation_code_jan_31st_2023.Annotations" name="testCase2" time="0.000"/>
  <system-out/>
  <testcase classname="testng_automation_code_jan_31st_2023.Annotations" name="testCase3" time="0.001"/>
  <system-out/>
</testsuite> <!-- testng_automation_code_jan_31st_2023.Annotations -->
