<?xml version="1.0" encoding="UTF-8"?>
<!-- Generated by org.testng.reporters.JUnitReportReporter -->
<testsuite hostname="Rafia" failures="0" tests="1" name="automation_code_feb_7th_2023.Walmart" time="0.000" errors="0" timestamp="2023-02-07T19:13:47 EST" skipped="0">
  <testcase classname="automation_code_feb_7th_2023.Walmart" name="walmartPage" time="0.000"/>
  <system-out/>
</testsuite> <!-- automation_code_feb_7th_2023.Walmart -->
