<?xml version="1.0" encoding="UTF-8"?>
<!-- Generated by org.testng.reporters.JUnitReportReporter -->
<testsuite hostname="Rafia" failures="0" tests="4" name="testng_automation_code_feb_1st_2023.Priority" time="0.010" errors="0" timestamp="2023-02-01T19:23:44 EST" skipped="0">
  <testcase classname="testng_automation_code_feb_1st_2023.Priority" name="logic2" time="0.007"/>
  <system-out/>
  <testcase classname="testng_automation_code_feb_1st_2023.Priority" name="logic1" time="0.001"/>
  <system-out/>
  <testcase classname="testng_automation_code_feb_1st_2023.Priority" name="logic4" time="0.001"/>
  <system-out/>
  <testcase classname="testng_automation_code_feb_1st_2023.Priority" name="logic3" time="0.001"/>
  <system-out/>
</testsuite> <!-- testng_automation_code_feb_1st_2023.Priority -->
