<?xml version="1.0" encoding="UTF-8"?>
<!-- Generated by org.testng.reporters.JUnitReportReporter -->
<testsuite hostname="Rafia" failures="0" tests="2" name="testng_automation_code_jan_31st_2023.TriCombo" time="0.008" errors="0" timestamp="2023-01-31T21:54:55 EST" skipped="0">
  <testcase classname="testng_automation_code_jan_31st_2023.TriCombo" name="testCase1" time="0.005"/>
  <system-out/>
  <testcase classname="testng_automation_code_jan_31st_2023.TriCombo" name="testCase2" time="0.003"/>
  <system-out/>
</testsuite> <!-- testng_automation_code_jan_31st_2023.TriCombo -->
