<?xml version="1.0" encoding="UTF-8"?>
<!-- Generated by org.testng.reporters.JUnitReportReporter -->
<testsuite hostname="Rafia" failures="0" tests="1" name="testng_automation_code_jan_31st_2023.GoingWithTheFlow" time="7.946" errors="0" timestamp="2023-01-31T22:45:23 EST" skipped="0">
  <testcase classname="testng_automation_code_jan_31st_2023.GoingWithTheFlow" name="clickOnSignInLink" time="7.946"/>
  <system-out/>
</testsuite> <!-- testng_automation_code_jan_31st_2023.GoingWithTheFlow -->
