<?xml version="1.0" encoding="UTF-8"?>
<!-- Generated by org.testng.reporters.JUnitReportReporter -->
<testsuite hostname="Rafia" failures="0" tests="2" name="testng_automation_code_jan_31st_2023.MultipleWebsites" time="8.528" errors="0" timestamp="2023-01-31T23:15:51 EST" skipped="0">
  <testcase classname="testng_automation_code_jan_31st_2023.MultipleWebsites" name="openWalmart" time="5.383"/>
  <system-out/>
  <testcase classname="testng_automation_code_jan_31st_2023.MultipleWebsites" name="openAmazon" time="3.145"/>
  <system-out/>
</testsuite> <!-- testng_automation_code_jan_31st_2023.MultipleWebsites -->
