<?xml version="1.0" encoding="UTF-8"?>
<!-- Generated by org.testng.reporters.JUnitReportReporter -->
<testsuite hostname="Rafia" failures="0" tests="1" name="automation_code_feb_7th_2023.Costco" time="4.553" errors="0" timestamp="2023-02-07T19:23:46 EST" skipped="0">
  <testcase classname="automation_code_feb_7th_2023.Costco" name="costcoPage" time="4.553"/>
  <system-out/>
</testsuite> <!-- automation_code_feb_7th_2023.Costco -->
